<?xml version="1.0" encoding="UTF-8"?>
<!-- Generated by org.testng.reporters.JUnitReportReporter -->
<testsuite hostname="LP-HYD-85009887" failures="0" tests="4" name="com.EasyCalculation.EasyCalculationTest" time="-1781434112.000" errors="1" timestamp="2026-06-14T16:20:25 IST" skipped="1">
  <testcase classname="com.EasyCalculation.EasyCalculationTest" name="ageCalculatorTest" time="11.658"/>
  <testcase classname="com.EasyCalculation.EasyCalculationTest" name="ageCalculatorTest" time="8.874"/>
  <testcase classname="com.EasyCalculation.EasyCalculationTest" name="ageCalculatorTest" time="0.000">
    <skipped/>
  </testcase> <!-- ageCalculatorTest -->
  <testcase classname="com.EasyCalculation.EasyCalculationTest" name="setUp" time="-1781434112.000">
    <error message="
Parameter &#039;browserName&#039; is required by BeforeTest on method setUp but has not been marked @Optional or defined
in D:\Selenium Java Program\EasyCalculationLocators\testng.xml" type="org.testng.TestNGException">
      <![CDATA[org.testng.TestNGException: 
Parameter 'browserName' is required by BeforeTest on method setUp but has not been marked @Optional or defined
in D:\Selenium Java Program\EasyCalculationLocators\testng.xml
at org.testng.internal.Parameters.createParams(Parameters.java:264)
at org.testng.internal.Parameters.createParametersForMethod(Parameters.java:352)
at org.testng.internal.Parameters.createParameters(Parameters.java:690)
at org.testng.internal.Parameters.createConfigurationParameters(Parameters.java:163)
at org.testng.internal.invokers.ConfigInvoker.invokeConfigurations(ConfigInvoker.java:313)
at org.testng.TestRunner.invokeTestConfigurations(TestRunner.java:657)
at org.testng.TestRunner.beforeRun(TestRunner.java:646)
at org.testng.TestRunner.run(TestRunner.java:612)
at org.testng.SuiteRunner.runTest(SuiteRunner.java:421)
at org.testng.SuiteRunner$SuiteWorker.run(SuiteRunner.java:463)
at org.testng.internal.thread.ThreadUtil.lambda$execute$0(ThreadUtil.java:64)
at java.base/java.util.concurrent.FutureTask.run(FutureTask.java:317)
at java.base/java.util.concurrent.ThreadPoolExecutor.runWorker(ThreadPoolExecutor.java:1144)
at java.base/java.util.concurrent.ThreadPoolExecutor$Worker.run(ThreadPoolExecutor.java:642)
at java.base/java.lang.Thread.run(Thread.java:1583)
]]>
    </error>
  </testcase> <!-- setUp -->
</testsuite> <!-- com.EasyCalculation.EasyCalculationTest -->
